2026-02-03 16:45:35 [restartedMain] INFO  b.g.s.t.TermosEntregaApplication - Starting TermosEntregaApplication using Java 21.0.9 on DESKTOP-217OC3U with PID 9408 (D:\projetos\TermoDoacao\termos-entrega\target\classes started by Ivan in D:\projetos\TermoDoacao\termos-entrega)
2026-02-03 16:45:35 [restartedMain] DEBUG b.g.s.t.TermosEntregaApplication - Running with Spring Boot v2.7.18, Spring v5.3.31
2026-02-03 16:45:35 [restartedMain] INFO  b.g.s.t.TermosEntregaApplication - No active profile set, falling back to 1 default profile: "default"
2026-02-03 16:45:35 [restartedMain] INFO  o.s.b.d.e.DevToolsPropertyDefaultsPostProcessor - Devtools property defaults active! Set 'spring.devtools.add-properties' to 'false' to disable
2026-02-03 16:45:35 [restartedMain] INFO  o.s.b.d.e.DevToolsPropertyDefaultsPostProcessor - For additional web related logging consider setting the 'logging.level.web' property to 'DEBUG'
2026-02-03 16:45:41 [restartedMain] INFO  o.s.b.w.e.tomcat.TomcatWebServer - Tomcat initialized with port(s): 8080 (http)
2026-02-03 16:45:41 [restartedMain] INFO  o.a.catalina.core.StandardService - Starting service [Tomcat]
2026-02-03 16:45:41 [restartedMain] INFO  o.a.catalina.core.StandardEngine - Starting Servlet engine: [Apache Tomcat/9.0.83]
2026-02-03 16:45:41 [restartedMain] INFO  o.a.c.c.C.[Tomcat].[localhost].[/] - Initializing Spring embedded WebApplicationContext
2026-02-03 16:45:41 [restartedMain] INFO  o.s.b.w.s.c.ServletWebServerApplicationContext - Root WebApplicationContext: initialization completed in 5964 ms
2026-02-03 16:45:43 [restartedMain] INFO  o.s.b.d.a.OptionalLiveReloadServer - LiveReload server is running on port 35729
2026-02-03 16:45:43 [restartedMain] INFO  o.s.b.a.e.web.EndpointLinksResolver - Exposing 4 endpoint(s) beneath base path '/actuator'
2026-02-03 16:45:43 [restartedMain] INFO  o.s.b.w.e.tomcat.TomcatWebServer - Tomcat started on port(s): 8080 (http) with context path ''
2026-02-03 16:45:43 [restartedMain] INFO  b.g.s.t.TermosEntregaApplication - Started TermosEntregaApplication in 9.921 seconds (JVM running for 11.723)
2026-02-03 16:52:36 [http-nio-8080-exec-1] INFO  o.a.c.c.C.[Tomcat].[localhost].[/] - Initializing Spring DispatcherServlet 'dispatcherServlet'
2026-02-03 16:52:36 [http-nio-8080-exec-1] INFO  o.s.web.servlet.DispatcherServlet - Initializing Servlet 'dispatcherServlet'
2026-02-03 16:52:36 [http-nio-8080-exec-1] INFO  o.s.web.servlet.DispatcherServlet - Completed initialization in 2 ms
2026-02-03 17:04:43 [File Watcher] INFO  o.s.b.d.a.LocalDevToolsAutoConfiguration$RestartingClassPathChangeChangedEventListener - Restarting due to 48 class path changes (0 additions, 19 deletions, 29 modifications)
2026-02-03 17:04:43 [Thread-5] INFO  o.a.catalina.core.StandardService - Stopping service [Tomcat]
2026-02-03 17:04:43 [Thread-5] INFO  o.a.c.c.C.[Tomcat].[localhost].[/] - Destroying Spring FrameworkServlet 'dispatcherServlet'
2026-02-03 17:04:47 [restartedMain] INFO  b.g.s.t.TermosEntregaApplication - Starting TermosEntregaApplication using Java 21.0.9 on DESKTOP-217OC3U with PID 9408 (D:\projetos\TermoDoacao\termos-entrega\target\classes started by Ivan in D:\projetos\TermoDoacao\termos-entrega)
2026-02-03 17:04:47 [restartedMain] DEBUG b.g.s.t.TermosEntregaApplication - Running with Spring Boot v2.7.18, Spring v5.3.31
2026-02-03 17:04:47 [restartedMain] INFO  b.g.s.t.TermosEntregaApplication - No active profile set, falling back to 1 default profile: "default"
2026-02-03 17:04:47 [restartedMain] INFO  o.s.b.w.e.tomcat.TomcatWebServer - Tomcat initialized with port(s): 8080 (http)
2026-02-03 17:04:47 [restartedMain] INFO  o.a.catalina.core.StandardService - Starting service [Tomcat]
2026-02-03 17:04:47 [restartedMain] INFO  o.a.catalina.core.StandardEngine - Starting Servlet engine: [Apache Tomcat/9.0.83]
2026-02-03 17:04:48 [restartedMain] INFO  o.a.c.c.C.[Tomcat-1].[localhost].[/] - Initializing Spring embedded WebApplicationContext
2026-02-03 17:04:48 [restartedMain] INFO  o.s.b.w.s.c.ServletWebServerApplicationContext - Root WebApplicationContext: initialization completed in 741 ms
2026-02-03 17:04:48 [restartedMain] INFO  o.s.b.d.a.OptionalLiveReloadServer - LiveReload server is running on port 35729
2026-02-03 17:04:48 [restartedMain] INFO  o.s.b.a.e.web.EndpointLinksResolver - Exposing 4 endpoint(s) beneath base path '/actuator'
2026-02-03 17:04:48 [restartedMain] INFO  o.s.b.w.e.tomcat.TomcatWebServer - Tomcat started on port(s): 8080 (http) with context path ''
2026-02-03 17:04:48 [restartedMain] INFO  b.g.s.t.TermosEntregaApplication - Started TermosEntregaApplication in 1.324 seconds (JVM running for 1156.368)
2026-02-03 17:04:48 [restartedMain] INFO  o.s.b.d.a.ConditionEvaluationDeltaLoggingListener - Condition evaluation unchanged
2026-02-03 17:05:39 [File Watcher] INFO  o.s.b.d.a.LocalDevToolsAutoConfiguration$RestartingClassPathChangeChangedEventListener - Restarting due to 48 class path changes (0 additions, 0 deletions, 48 modifications)
2026-02-03 17:05:39 [Thread-7] INFO  o.a.catalina.core.StandardService - Stopping service [Tomcat]
2026-02-03 17:05:40 [restartedMain] INFO  b.g.s.t.TermosEntregaApplication - Starting TermosEntregaApplication using Java 21.0.9 on DESKTOP-217OC3U with PID 9408 (D:\projetos\TermoDoacao\termos-entrega\target\classes started by Ivan in D:\projetos\TermoDoacao\termos-entrega)
2026-02-03 17:05:40 [restartedMain] DEBUG b.g.s.t.TermosEntregaApplication - Running with Spring Boot v2.7.18, Spring v5.3.31
2026-02-03 17:05:40 [restartedMain] INFO  b.g.s.t.TermosEntregaApplication - No active profile set, falling back to 1 default profile: "default"
2026-02-03 17:05:41 [restartedMain] INFO  o.s.b.w.e.tomcat.TomcatWebServer - Tomcat initialized with port(s): 8080 (http)
2026-02-03 17:05:41 [restartedMain] INFO  o.a.catalina.core.StandardService - Starting service [Tomcat]
2026-02-03 17:05:41 [restartedMain] INFO  o.a.catalina.core.StandardEngine - Starting Servlet engine: [Apache Tomcat/9.0.83]
2026-02-03 17:05:41 [restartedMain] INFO  o.a.c.c.C.[Tomcat-1].[localhost].[/] - Initializing Spring embedded WebApplicationContext
2026-02-03 17:05:41 [restartedMain] INFO  o.s.b.w.s.c.ServletWebServerApplicationContext - Root WebApplicationContext: initialization completed in 1331 ms
2026-02-03 17:05:42 [restartedMain] INFO  o.s.b.d.a.OptionalLiveReloadServer - LiveReload server is running on port 35729
2026-02-03 17:05:42 [restartedMain] INFO  o.s.b.a.e.web.EndpointLinksResolver - Exposing 4 endpoint(s) beneath base path '/actuator'
2026-02-03 17:05:42 [restartedMain] INFO  o.s.b.w.e.tomcat.TomcatWebServer - Tomcat started on port(s): 8080 (http) with context path ''
2026-02-03 17:05:42 [restartedMain] INFO  b.g.s.t.TermosEntregaApplication - Started TermosEntregaApplication in 2.615 seconds (JVM running for 1210.085)
2026-02-03 17:05:42 [restartedMain] INFO  o.s.b.d.a.ConditionEvaluationDeltaLoggingListener - Condition evaluation unchanged
2026-02-03 17:05:44 [File Watcher] INFO  o.s.b.d.a.LocalDevToolsAutoConfiguration$RestartingClassPathChangeChangedEventListener - Restarting due to 1 class path change (0 additions, 0 deletions, 1 modification)
2026-02-03 17:05:44 [Thread-14] INFO  o.a.catalina.core.StandardService - Stopping service [Tomcat]
2026-02-03 17:05:44 [restartedMain] INFO  b.g.s.t.TermosEntregaApplication - Starting TermosEntregaApplication using Java 21.0.9 on DESKTOP-217OC3U with PID 9408 (D:\projetos\TermoDoacao\termos-entrega\target\classes started by Ivan in D:\projetos\TermoDoacao\termos-entrega)
2026-02-03 17:05:44 [restartedMain] DEBUG b.g.s.t.TermosEntregaApplication - Running with Spring Boot v2.7.18, Spring v5.3.31
2026-02-03 17:05:44 [restartedMain] INFO  b.g.s.t.TermosEntregaApplication - No active profile set, falling back to 1 default profile: "default"
2026-02-03 17:05:45 [restartedMain] INFO  o.s.b.w.e.tomcat.TomcatWebServer - Tomcat initialized with port(s): 8080 (http)
2026-02-03 17:05:46 [restartedMain] INFO  o.a.catalina.core.StandardService - Starting service [Tomcat]
2026-02-03 17:05:46 [restartedMain] INFO  o.a.catalina.core.StandardEngine - Starting Servlet engine: [Apache Tomcat/9.0.83]
2026-02-03 17:05:46 [restartedMain] INFO  o.a.c.c.C.[Tomcat-1].[localhost].[/] - Initializing Spring embedded WebApplicationContext
2026-02-03 17:05:46 [restartedMain] INFO  o.s.b.w.s.c.ServletWebServerApplicationContext - Root WebApplicationContext: initialization completed in 1181 ms
2026-02-03 17:05:46 [restartedMain] INFO  o.s.b.d.a.OptionalLiveReloadServer - LiveReload server is running on port 35729
2026-02-03 17:05:46 [restartedMain] INFO  o.s.b.a.e.web.EndpointLinksResolver - Exposing 4 endpoint(s) beneath base path '/actuator'
2026-02-03 17:05:46 [restartedMain] INFO  o.s.b.w.e.tomcat.TomcatWebServer - Tomcat started on port(s): 8080 (http) with context path ''
2026-02-03 17:05:46 [restartedMain] INFO  b.g.s.t.TermosEntregaApplication - Started TermosEntregaApplication in 1.984 seconds (JVM running for 1214.652)
2026-02-03 17:05:46 [restartedMain] INFO  o.s.b.d.a.ConditionEvaluationDeltaLoggingListener - Condition evaluation unchanged
2026-02-03 17:05:49 [File Watcher] INFO  o.s.b.d.a.LocalDevToolsAutoConfiguration$RestartingClassPathChangeChangedEventListener - Restarting due to 1 class path change (0 additions, 0 deletions, 1 modification)
2026-02-03 17:05:49 [Thread-18] INFO  o.a.catalina.core.StandardService - Stopping service [Tomcat]
2026-02-03 17:05:49 [restartedMain] INFO  b.g.s.t.TermosEntregaApplication - Starting TermosEntregaApplication using Java 21.0.9 on DESKTOP-217OC3U with PID 9408 (D:\projetos\TermoDoacao\termos-entrega\target\classes started by Ivan in D:\projetos\TermoDoacao\termos-entrega)
2026-02-03 17:05:49 [restartedMain] DEBUG b.g.s.t.TermosEntregaApplication - Running with Spring Boot v2.7.18, Spring v5.3.31
2026-02-03 17:05:49 [restartedMain] INFO  b.g.s.t.TermosEntregaApplication - No active profile set, falling back to 1 default profile: "default"
2026-02-03 17:05:49 [restartedMain] INFO  o.s.b.w.e.tomcat.TomcatWebServer - Tomcat initialized with port(s): 8080 (http)
2026-02-03 17:05:49 [restartedMain] INFO  o.a.catalina.core.StandardService - Starting service [Tomcat]
2026-02-03 17:05:49 [restartedMain] INFO  o.a.catalina.core.StandardEngine - Starting Servlet engine: [Apache Tomcat/9.0.83]
2026-02-03 17:05:50 [restartedMain] INFO  o.a.c.c.C.[Tomcat-1].[localhost].[/] - Initializing Spring embedded WebApplicationContext
2026-02-03 17:05:50 [restartedMain] INFO  o.s.b.w.s.c.ServletWebServerApplicationContext - Root WebApplicationContext: initialization completed in 571 ms
2026-02-03 17:05:50 [restartedMain] INFO  o.s.b.d.a.OptionalLiveReloadServer - LiveReload server is running on port 35729
2026-02-03 17:05:50 [restartedMain] INFO  o.s.b.a.e.web.EndpointLinksResolver - Exposing 4 endpoint(s) beneath base path '/actuator'
2026-02-03 17:05:50 [restartedMain] INFO  o.s.b.w.e.tomcat.TomcatWebServer - Tomcat started on port(s): 8080 (http) with context path ''
2026-02-03 17:05:50 [restartedMain] INFO  b.g.s.t.TermosEntregaApplication - Started TermosEntregaApplication in 1.096 seconds (JVM running for 1218.234)
2026-02-03 17:05:50 [restartedMain] INFO  o.s.b.d.a.ConditionEvaluationDeltaLoggingListener - Condition evaluation unchanged
2026-02-03 17:06:44 [File Watcher] INFO  o.s.b.d.a.LocalDevToolsAutoConfiguration$RestartingClassPathChangeChangedEventListener - Restarting due to 1 class path change (0 additions, 0 deletions, 1 modification)
2026-02-03 17:06:44 [Thread-22] INFO  o.a.catalina.core.StandardService - Stopping service [Tomcat]
2026-02-03 17:06:45 [restartedMain] INFO  b.g.s.t.TermosEntregaApplication - Starting TermosEntregaApplication using Java 21.0.9 on DESKTOP-217OC3U with PID 9408 (D:\projetos\TermoDoacao\termos-entrega\target\classes started by Ivan in D:\projetos\TermoDoacao\termos-entrega)
2026-02-03 17:06:45 [restartedMain] DEBUG b.g.s.t.TermosEntregaApplication - Running with Spring Boot v2.7.18, Spring v5.3.31
2026-02-03 17:06:45 [restartedMain] INFO  b.g.s.t.TermosEntregaApplication - No active profile set, falling back to 1 default profile: "default"
2026-02-03 17:06:45 [restartedMain] INFO  o.s.b.w.e.tomcat.TomcatWebServer - Tomcat initialized with port(s): 8080 (http)
2026-02-03 17:06:45 [restartedMain] INFO  o.a.catalina.core.StandardService - Starting service [Tomcat]
2026-02-03 17:06:45 [restartedMain] INFO  o.a.catalina.core.StandardEngine - Starting Servlet engine: [Apache Tomcat/9.0.83]
2026-02-03 17:06:45 [restartedMain] INFO  o.a.c.c.C.[Tomcat-1].[localhost].[/] - Initializing Spring embedded WebApplicationContext
2026-02-03 17:06:45 [restartedMain] INFO  o.s.b.w.s.c.ServletWebServerApplicationContext - Root WebApplicationContext: initialization completed in 678 ms
2026-02-03 17:06:46 [restartedMain] INFO  o.s.b.d.a.OptionalLiveReloadServer - LiveReload server is running on port 35729
2026-02-03 17:06:46 [restartedMain] INFO  o.s.b.a.e.web.EndpointLinksResolver - Exposing 4 endpoint(s) beneath base path '/actuator'
2026-02-03 17:06:46 [restartedMain] INFO  o.s.b.w.e.tomcat.TomcatWebServer - Tomcat started on port(s): 8080 (http) with context path ''
2026-02-03 17:06:46 [restartedMain] INFO  b.g.s.t.TermosEntregaApplication - Started TermosEntregaApplication in 1.379 seconds (JVM running for 1274.214)
2026-02-03 17:06:46 [restartedMain] INFO  o.s.b.d.a.ConditionEvaluationDeltaLoggingListener - Condition evaluation unchanged
2026-02-03 17:06:49 [File Watcher] INFO  o.s.b.d.a.LocalDevToolsAutoConfiguration$RestartingClassPathChangeChangedEventListener - Restarting due to 1 class path change (0 additions, 0 deletions, 1 modification)
2026-02-03 17:06:49 [Thread-26] INFO  o.a.catalina.core.StandardService - Stopping service [Tomcat]
2026-02-03 17:06:50 [restartedMain] INFO  b.g.s.t.TermosEntregaApplication - Starting TermosEntregaApplication using Java 21.0.9 on DESKTOP-217OC3U with PID 9408 (D:\projetos\TermoDoacao\termos-entrega\target\classes started by Ivan in D:\projetos\TermoDoacao\termos-entrega)
2026-02-03 17:06:50 [restartedMain] DEBUG b.g.s.t.TermosEntregaApplication - Running with Spring Boot v2.7.18, Spring v5.3.31
2026-02-03 17:06:50 [restartedMain] INFO  b.g.s.t.TermosEntregaApplication - No active profile set, falling back to 1 default profile: "default"
2026-02-03 17:06:51 [restartedMain] INFO  o.s.b.w.e.tomcat.TomcatWebServer - Tomcat initialized with port(s): 8080 (http)
2026-02-03 17:06:51 [restartedMain] INFO  o.a.catalina.core.StandardService - Starting service [Tomcat]
2026-02-03 17:06:51 [restartedMain] INFO  o.a.catalina.core.StandardEngine - Starting Servlet engine: [Apache Tomcat/9.0.83]
2026-02-03 17:06:51 [restartedMain] INFO  o.a.c.c.C.[Tomcat-1].[localhost].[/] - Initializing Spring embedded WebApplicationContext
2026-02-03 17:06:51 [restartedMain] INFO  o.s.b.w.s.c.ServletWebServerApplicationContext - Root WebApplicationContext: initialization completed in 1109 ms
2026-02-03 17:06:52 [restartedMain] INFO  o.s.b.d.a.OptionalLiveReloadServer - LiveReload server is running on port 35729
2026-02-03 17:06:52 [restartedMain] INFO  o.s.b.a.e.web.EndpointLinksResolver - Exposing 4 endpoint(s) beneath base path '/actuator'
2026-02-03 17:06:52 [restartedMain] INFO  o.s.b.w.e.tomcat.TomcatWebServer - Tomcat started on port(s): 8080 (http) with context path ''
2026-02-03 17:06:52 [restartedMain] INFO  b.g.s.t.TermosEntregaApplication - Started TermosEntregaApplication in 2.041 seconds (JVM running for 1279.954)
2026-02-03 17:06:52 [restartedMain] INFO  o.s.b.d.a.ConditionEvaluationDeltaLoggingListener - Condition evaluation unchanged
2026-02-03 17:06:57 [File Watcher] INFO  o.s.b.d.a.LocalDevToolsAutoConfiguration$RestartingClassPathChangeChangedEventListener - Restarting due to 1 class path change (0 additions, 0 deletions, 1 modification)
2026-02-03 17:06:57 [Thread-30] INFO  o.a.catalina.core.StandardService - Stopping service [Tomcat]
2026-02-03 17:06:57 [restartedMain] INFO  b.g.s.t.TermosEntregaApplication - Starting TermosEntregaApplication using Java 21.0.9 on DESKTOP-217OC3U with PID 9408 (D:\projetos\TermoDoacao\termos-entrega\target\classes started by Ivan in D:\projetos\TermoDoacao\termos-entrega)
2026-02-03 17:06:57 [restartedMain] DEBUG b.g.s.t.TermosEntregaApplication - Running with Spring Boot v2.7.18, Spring v5.3.31
2026-02-03 17:06:57 [restartedMain] INFO  b.g.s.t.TermosEntregaApplication - No active profile set, falling back to 1 default profile: "default"
2026-02-03 17:06:58 [restartedMain] INFO  o.s.b.w.e.tomcat.TomcatWebServer - Tomcat initialized with port(s): 8080 (http)
2026-02-03 17:06:58 [restartedMain] INFO  o.a.catalina.core.StandardService - Starting service [Tomcat]
2026-02-03 17:06:58 [restartedMain] INFO  o.a.catalina.core.StandardEngine - Starting Servlet engine: [Apache Tomcat/9.0.83]
2026-02-03 17:06:58 [restartedMain] INFO  o.a.c.c.C.[Tomcat-1].[localhost].[/] - Initializing Spring embedded WebApplicationContext
2026-02-03 17:06:58 [restartedMain] INFO  o.s.b.w.s.c.ServletWebServerApplicationContext - Root WebApplicationContext: initialization completed in 902 ms
2026-02-03 17:06:59 [restartedMain] INFO  o.s.b.d.a.OptionalLiveReloadServer - LiveReload server is running on port 35729
2026-02-03 17:06:59 [restartedMain] INFO  o.s.b.a.e.web.EndpointLinksResolver - Exposing 4 endpoint(s) beneath base path '/actuator'
2026-02-03 17:06:59 [restartedMain] INFO  o.s.b.w.e.tomcat.TomcatWebServer - Tomcat started on port(s): 8080 (http) with context path ''
2026-02-03 17:06:59 [restartedMain] INFO  b.g.s.t.TermosEntregaApplication - Started TermosEntregaApplication in 1.555 seconds (JVM running for 1287.148)
2026-02-03 17:06:59 [restartedMain] INFO  o.s.b.d.a.ConditionEvaluationDeltaLoggingListener - Condition evaluation unchanged
2026-02-03 17:07:03 [File Watcher] INFO  o.s.b.d.a.LocalDevToolsAutoConfiguration$RestartingClassPathChangeChangedEventListener - Restarting due to 1 class path change (0 additions, 0 deletions, 1 modification)
2026-02-03 17:07:03 [Thread-34] INFO  o.a.catalina.core.StandardService - Stopping service [Tomcat]
2026-02-03 17:07:04 [restartedMain] INFO  b.g.s.t.TermosEntregaApplication - Starting TermosEntregaApplication using Java 21.0.9 on DESKTOP-217OC3U with PID 9408 (D:\projetos\TermoDoacao\termos-entrega\target\classes started by Ivan in D:\projetos\TermoDoacao\termos-entrega)
2026-02-03 17:07:04 [restartedMain] DEBUG b.g.s.t.TermosEntregaApplication - Running with Spring Boot v2.7.18, Spring v5.3.31
2026-02-03 17:07:04 [restartedMain] INFO  b.g.s.t.TermosEntregaApplication - No active profile set, falling back to 1 default profile: "default"
2026-02-03 17:07:04 [restartedMain] INFO  o.s.b.w.e.tomcat.TomcatWebServer - Tomcat initialized with port(s): 8080 (http)
2026-02-03 17:07:04 [restartedMain] INFO  o.a.catalina.core.StandardService - Starting service [Tomcat]
2026-02-03 17:07:04 [restartedMain] INFO  o.a.catalina.core.StandardEngine - Starting Servlet engine: [Apache Tomcat/9.0.83]
2026-02-03 17:07:04 [restartedMain] INFO  o.a.c.c.C.[Tomcat-1].[localhost].[/] - Initializing Spring embedded WebApplicationContext
2026-02-03 17:07:04 [restartedMain] INFO  o.s.b.w.s.c.ServletWebServerApplicationContext - Root WebApplicationContext: initialization completed in 582 ms
2026-02-03 17:07:04 [restartedMain] INFO  o.s.b.d.a.OptionalLiveReloadServer - LiveReload server is running on port 35729
2026-02-03 17:07:04 [restartedMain] INFO  o.s.b.a.e.web.EndpointLinksResolver - Exposing 4 endpoint(s) beneath base path '/actuator'
2026-02-03 17:07:04 [restartedMain] INFO  o.s.b.w.e.tomcat.TomcatWebServer - Tomcat started on port(s): 8080 (http) with context path ''
2026-02-03 17:07:05 [restartedMain] INFO  b.g.s.t.TermosEntregaApplication - Started TermosEntregaApplication in 1.107 seconds (JVM running for 1292.786)
2026-02-03 17:07:05 [restartedMain] INFO  o.s.b.d.a.ConditionEvaluationDeltaLoggingListener - Condition evaluation unchanged
2026-02-03 17:07:11 [File Watcher] INFO  o.s.b.d.a.LocalDevToolsAutoConfiguration$RestartingClassPathChangeChangedEventListener - Restarting due to 1 class path change (0 additions, 0 deletions, 1 modification)
2026-02-03 17:07:11 [Thread-38] INFO  o.a.catalina.core.StandardService - Stopping service [Tomcat]
2026-02-03 17:07:11 [restartedMain] INFO  b.g.s.t.TermosEntregaApplication - Starting TermosEntregaApplication using Java 21.0.9 on DESKTOP-217OC3U with PID 9408 (D:\projetos\TermoDoacao\termos-entrega\target\classes started by Ivan in D:\projetos\TermoDoacao\termos-entrega)
2026-02-03 17:07:11 [restartedMain] DEBUG b.g.s.t.TermosEntregaApplication - Running with Spring Boot v2.7.18, Spring v5.3.31
2026-02-03 17:07:11 [restartedMain] INFO  b.g.s.t.TermosEntregaApplication - No active profile set, falling back to 1 default profile: "default"
2026-02-03 17:07:12 [restartedMain] INFO  o.s.b.w.e.tomcat.TomcatWebServer - Tomcat initialized with port(s): 8080 (http)
2026-02-03 17:07:12 [restartedMain] INFO  o.a.catalina.core.StandardService - Starting service [Tomcat]
2026-02-03 17:07:12 [restartedMain] INFO  o.a.catalina.core.StandardEngine - Starting Servlet engine: [Apache Tomcat/9.0.83]
2026-02-03 17:07:12 [restartedMain] INFO  o.a.c.c.C.[Tomcat-1].[localhost].[/] - Initializing Spring embedded WebApplicationContext
2026-02-03 17:07:12 [restartedMain] INFO  o.s.b.w.s.c.ServletWebServerApplicationContext - Root WebApplicationContext: initialization completed in 677 ms
2026-02-03 17:07:12 [restartedMain] INFO  o.s.b.d.a.OptionalLiveReloadServer - LiveReload server is running on port 35729
2026-02-03 17:07:12 [restartedMain] INFO  o.s.b.a.e.web.EndpointLinksResolver - Exposing 4 endpoint(s) beneath base path '/actuator'
2026-02-03 17:07:12 [restartedMain] INFO  o.s.b.w.e.tomcat.TomcatWebServer - Tomcat started on port(s): 8080 (http) with context path ''
2026-02-03 17:07:12 [restartedMain] INFO  b.g.s.t.TermosEntregaApplication - Started TermosEntregaApplication in 1.296 seconds (JVM running for 1300.693)
2026-02-03 17:07:12 [restartedMain] INFO  o.s.b.d.a.ConditionEvaluationDeltaLoggingListener - Condition evaluation unchanged
2026-02-03 17:07:25 [File Watcher] INFO  o.s.b.d.a.LocalDevToolsAutoConfiguration$RestartingClassPathChangeChangedEventListener - Restarting due to 1 class path change (0 additions, 0 deletions, 1 modification)
2026-02-03 17:07:25 [Thread-42] INFO  o.a.catalina.core.StandardService - Stopping service [Tomcat]
2026-02-03 17:07:25 [restartedMain] INFO  b.g.s.t.TermosEntregaApplication - Starting TermosEntregaApplication using Java 21.0.9 on DESKTOP-217OC3U with PID 9408 (D:\projetos\TermoDoacao\termos-entrega\target\classes started by Ivan in D:\projetos\TermoDoacao\termos-entrega)
2026-02-03 17:07:25 [restartedMain] DEBUG b.g.s.t.TermosEntregaApplication - Running with Spring Boot v2.7.18, Spring v5.3.31
2026-02-03 17:07:25 [restartedMain] INFO  b.g.s.t.TermosEntregaApplication - No active profile set, falling back to 1 default profile: "default"
2026-02-03 17:07:26 [restartedMain] INFO  o.s.b.w.e.tomcat.TomcatWebServer - Tomcat initialized with port(s): 8080 (http)
2026-02-03 17:07:26 [restartedMain] INFO  o.a.catalina.core.StandardService - Starting service [Tomcat]
2026-02-03 17:07:26 [restartedMain] INFO  o.a.catalina.core.StandardEngine - Starting Servlet engine: [Apache Tomcat/9.0.83]
2026-02-03 17:07:26 [restartedMain] INFO  o.a.c.c.C.[Tomcat-1].[localhost].[/] - Initializing Spring embedded WebApplicationContext
2026-02-03 17:07:26 [restartedMain] INFO  o.s.b.w.s.c.ServletWebServerApplicationContext - Root WebApplicationContext: initialization completed in 887 ms
2026-02-03 17:07:27 [restartedMain] INFO  o.s.b.d.a.OptionalLiveReloadServer - LiveReload server is running on port 35729
2026-02-03 17:07:27 [restartedMain] INFO  o.s.b.a.e.web.EndpointLinksResolver - Exposing 4 endpoint(s) beneath base path '/actuator'
2026-02-03 17:07:27 [restartedMain] INFO  o.s.b.w.e.tomcat.TomcatWebServer - Tomcat started on port(s): 8080 (http) with context path ''
2026-02-03 17:07:27 [restartedMain] INFO  b.g.s.t.TermosEntregaApplication - Started TermosEntregaApplication in 1.469 seconds (JVM running for 1314.988)
2026-02-03 17:07:27 [restartedMain] INFO  o.s.b.d.a.ConditionEvaluationDeltaLoggingListener - Condition evaluation unchanged
2026-02-03 17:07:53 [File Watcher] INFO  o.s.b.d.a.LocalDevToolsAutoConfiguration$RestartingClassPathChangeChangedEventListener - Restarting due to 1 class path change (0 additions, 0 deletions, 1 modification)
2026-02-03 17:07:53 [Thread-46] INFO  o.a.catalina.core.StandardService - Stopping service [Tomcat]
2026-02-03 17:07:53 [restartedMain] INFO  b.g.s.t.TermosEntregaApplication - Starting TermosEntregaApplication using Java 21.0.9 on DESKTOP-217OC3U with PID 9408 (D:\projetos\TermoDoacao\termos-entrega\target\classes started by Ivan in D:\projetos\TermoDoacao\termos-entrega)
2026-02-03 17:07:53 [restartedMain] DEBUG b.g.s.t.TermosEntregaApplication - Running with Spring Boot v2.7.18, Spring v5.3.31
2026-02-03 17:07:53 [restartedMain] INFO  b.g.s.t.TermosEntregaApplication - No active profile set, falling back to 1 default profile: "default"
2026-02-03 17:07:54 [restartedMain] INFO  o.s.b.w.e.tomcat.TomcatWebServer - Tomcat initialized with port(s): 8080 (http)
2026-02-03 17:07:54 [restartedMain] INFO  o.a.catalina.core.StandardService - Starting service [Tomcat]
2026-02-03 17:07:54 [restartedMain] INFO  o.a.catalina.core.StandardEngine - Starting Servlet engine: [Apache Tomcat/9.0.83]
2026-02-03 17:07:54 [restartedMain] INFO  o.a.c.c.C.[Tomcat-1].[localhost].[/] - Initializing Spring embedded WebApplicationContext
2026-02-03 17:07:54 [restartedMain] INFO  o.s.b.w.s.c.ServletWebServerApplicationContext - Root WebApplicationContext: initialization completed in 761 ms
2026-02-03 17:07:54 [restartedMain] INFO  o.s.b.d.a.OptionalLiveReloadServer - LiveReload server is running on port 35729
2026-02-03 17:07:54 [restartedMain] INFO  o.s.b.a.e.web.EndpointLinksResolver - Exposing 4 endpoint(s) beneath base path '/actuator'
2026-02-03 17:07:54 [restartedMain] INFO  o.s.b.w.e.tomcat.TomcatWebServer - Tomcat started on port(s): 8080 (http) with context path ''
2026-02-03 17:07:54 [restartedMain] INFO  b.g.s.t.TermosEntregaApplication - Started TermosEntregaApplication in 1.56 seconds (JVM running for 1342.594)
2026-02-03 17:07:54 [restartedMain] INFO  o.s.b.d.a.ConditionEvaluationDeltaLoggingListener - Condition evaluation unchanged
2026-02-03 17:07:56 [File Watcher] INFO  o.s.b.d.a.LocalDevToolsAutoConfiguration$RestartingClassPathChangeChangedEventListener - Restarting due to 1 class path change (0 additions, 0 deletions, 1 modification)
2026-02-03 17:07:56 [Thread-50] INFO  o.a.catalina.core.StandardService - Stopping service [Tomcat]
2026-02-03 17:07:56 [restartedMain] INFO  b.g.s.t.TermosEntregaApplication - Starting TermosEntregaApplication using Java 21.0.9 on DESKTOP-217OC3U with PID 9408 (D:\projetos\TermoDoacao\termos-entrega\target\classes started by Ivan in D:\projetos\TermoDoacao\termos-entrega)
2026-02-03 17:07:56 [restartedMain] DEBUG b.g.s.t.TermosEntregaApplication - Running with Spring Boot v2.7.18, Spring v5.3.31
2026-02-03 17:07:56 [restartedMain] INFO  b.g.s.t.TermosEntregaApplication - No active profile set, falling back to 1 default profile: "default"
2026-02-03 17:07:57 [restartedMain] INFO  o.s.b.w.e.tomcat.TomcatWebServer - Tomcat initialized with port(s): 8080 (http)
2026-02-03 17:07:57 [restartedMain] INFO  o.a.catalina.core.StandardService - Starting service [Tomcat]
2026-02-03 17:07:57 [restartedMain] INFO  o.a.catalina.core.StandardEngine - Starting Servlet engine: [Apache Tomcat/9.0.83]
2026-02-03 17:07:57 [restartedMain] INFO  o.a.c.c.C.[Tomcat-1].[localhost].[/] - Initializing Spring embedded WebApplicationContext
2026-02-03 17:07:57 [restartedMain] INFO  o.s.b.w.s.c.ServletWebServerApplicationContext - Root WebApplicationContext: initialization completed in 726 ms
2026-02-03 17:07:57 [restartedMain] INFO  o.s.b.d.a.OptionalLiveReloadServer - LiveReload server is running on port 35729
2026-02-03 17:07:57 [restartedMain] INFO  o.s.b.a.e.web.EndpointLinksResolver - Exposing 4 endpoint(s) beneath base path '/actuator'
2026-02-03 17:07:57 [restartedMain] INFO  o.s.b.w.e.tomcat.TomcatWebServer - Tomcat started on port(s): 8080 (http) with context path ''
2026-02-03 17:07:57 [restartedMain] INFO  b.g.s.t.TermosEntregaApplication - Started TermosEntregaApplication in 1.202 seconds (JVM running for 1345.264)
2026-02-03 17:07:57 [restartedMain] INFO  o.s.b.d.a.ConditionEvaluationDeltaLoggingListener - Condition evaluation unchanged
2026-02-03 17:08:12 [File Watcher] INFO  o.s.b.d.a.LocalDevToolsAutoConfiguration$RestartingClassPathChangeChangedEventListener - Restarting due to 1 class path change (0 additions, 0 deletions, 1 modification)
2026-02-03 17:08:12 [Thread-54] INFO  o.a.catalina.core.StandardService - Stopping service [Tomcat]
2026-02-03 17:08:12 [restartedMain] INFO  b.g.s.t.TermosEntregaApplication - Starting TermosEntregaApplication using Java 21.0.9 on DESKTOP-217OC3U with PID 9408 (D:\projetos\TermoDoacao\termos-entrega\target\classes started by Ivan in D:\projetos\TermoDoacao\termos-entrega)
2026-02-03 17:08:12 [restartedMain] DEBUG b.g.s.t.TermosEntregaApplication - Running with Spring Boot v2.7.18, Spring v5.3.31
2026-02-03 17:08:12 [restartedMain] INFO  b.g.s.t.TermosEntregaApplication - No active profile set, falling back to 1 default profile: "default"
2026-02-03 17:08:13 [restartedMain] INFO  o.s.b.w.e.tomcat.TomcatWebServer - Tomcat initialized with port(s): 8080 (http)
2026-02-03 17:08:13 [restartedMain] INFO  o.a.catalina.core.StandardService - Starting service [Tomcat]
2026-02-03 17:08:13 [restartedMain] INFO  o.a.catalina.core.StandardEngine - Starting Servlet engine: [Apache Tomcat/9.0.83]
2026-02-03 17:08:13 [restartedMain] INFO  o.a.c.c.C.[Tomcat-1].[localhost].[/] - Initializing Spring embedded WebApplicationContext
2026-02-03 17:08:13 [restartedMain] INFO  o.s.b.w.s.c.ServletWebServerApplicationContext - Root WebApplicationContext: initialization completed in 888 ms
2026-02-03 17:08:13 [restartedMain] INFO  o.s.b.d.a.OptionalLiveReloadServer - LiveReload server is running on port 35729
2026-02-03 17:08:13 [restartedMain] INFO  o.s.b.a.e.web.EndpointLinksResolver - Exposing 4 endpoint(s) beneath base path '/actuator'
2026-02-03 17:08:13 [restartedMain] INFO  o.s.b.w.e.tomcat.TomcatWebServer - Tomcat started on port(s): 8080 (http) with context path ''
2026-02-03 17:08:13 [restartedMain] INFO  b.g.s.t.TermosEntregaApplication - Started TermosEntregaApplication in 1.509 seconds (JVM running for 1361.657)
2026-02-03 17:08:13 [restartedMain] INFO  o.s.b.d.a.ConditionEvaluationDeltaLoggingListener - Condition evaluation unchanged
2026-02-03 17:08:17 [File Watcher] INFO  o.s.b.d.a.LocalDevToolsAutoConfiguration$RestartingClassPathChangeChangedEventListener - Restarting due to 1 class path change (0 additions, 0 deletions, 1 modification)
2026-02-03 17:08:17 [Thread-58] INFO  o.a.catalina.core.StandardService - Stopping service [Tomcat]
2026-02-03 17:08:17 [restartedMain] INFO  b.g.s.t.TermosEntregaApplication - Starting TermosEntregaApplication using Java 21.0.9 on DESKTOP-217OC3U with PID 9408 (D:\projetos\TermoDoacao\termos-entrega\target\classes started by Ivan in D:\projetos\TermoDoacao\termos-entrega)
2026-02-03 17:08:17 [restartedMain] DEBUG b.g.s.t.TermosEntregaApplication - Running with Spring Boot v2.7.18, Spring v5.3.31
2026-02-03 17:08:17 [restartedMain] INFO  b.g.s.t.TermosEntregaApplication - No active profile set, falling back to 1 default profile: "default"
2026-02-03 17:08:18 [restartedMain] INFO  o.s.b.w.e.tomcat.TomcatWebServer - Tomcat initialized with port(s): 8080 (http)
2026-02-03 17:08:18 [restartedMain] INFO  o.a.catalina.core.StandardService - Starting service [Tomcat]
2026-02-03 17:08:18 [restartedMain] INFO  o.a.catalina.core.StandardEngine - Starting Servlet engine: [Apache Tomcat/9.0.83]
2026-02-03 17:08:18 [restartedMain] INFO  o.a.c.c.C.[Tomcat-1].[localhost].[/] - Initializing Spring embedded WebApplicationContext
2026-02-03 17:08:18 [restartedMain] INFO  o.s.b.w.s.c.ServletWebServerApplicationContext - Root WebApplicationContext: initialization completed in 660 ms
2026-02-03 17:08:18 [restartedMain] INFO  o.s.b.d.a.OptionalLiveReloadServer - LiveReload server is running on port 35729
2026-02-03 17:08:18 [restartedMain] INFO  o.s.b.a.e.web.EndpointLinksResolver - Exposing 4 endpoint(s) beneath base path '/actuator'
2026-02-03 17:08:18 [restartedMain] INFO  o.s.b.w.e.tomcat.TomcatWebServer - Tomcat started on port(s): 8080 (http) with context path ''
2026-02-03 17:08:18 [restartedMain] INFO  b.g.s.t.TermosEntregaApplication - Started TermosEntregaApplication in 1.371 seconds (JVM running for 1366.658)
2026-02-03 17:08:18 [restartedMain] INFO  o.s.b.d.a.ConditionEvaluationDeltaLoggingListener - Condition evaluation unchanged
2026-02-03 17:08:35 [File Watcher] INFO  o.s.b.d.a.LocalDevToolsAutoConfiguration$RestartingClassPathChangeChangedEventListener - Restarting due to 1 class path change (0 additions, 0 deletions, 1 modification)
2026-02-03 17:08:35 [Thread-62] INFO  o.a.catalina.core.StandardService - Stopping service [Tomcat]
2026-02-03 17:08:35 [restartedMain] INFO  b.g.s.t.TermosEntregaApplication - Starting TermosEntregaApplication using Java 21.0.9 on DESKTOP-217OC3U with PID 9408 (D:\projetos\TermoDoacao\termos-entrega\target\classes started by Ivan in D:\projetos\TermoDoacao\termos-entrega)
2026-02-03 17:08:35 [restartedMain] DEBUG b.g.s.t.TermosEntregaApplication - Running with Spring Boot v2.7.18, Spring v5.3.31
2026-02-03 17:08:35 [restartedMain] INFO  b.g.s.t.TermosEntregaApplication - No active profile set, falling back to 1 default profile: "default"
2026-02-03 17:08:36 [restartedMain] INFO  o.s.b.w.e.tomcat.TomcatWebServer - Tomcat initialized with port(s): 8080 (http)
2026-02-03 17:08:36 [restartedMain] INFO  o.a.catalina.core.StandardService - Starting service [Tomcat]
2026-02-03 17:08:36 [restartedMain] INFO  o.a.catalina.core.StandardEngine - Starting Servlet engine: [Apache Tomcat/9.0.83]
2026-02-03 17:08:36 [restartedMain] INFO  o.a.c.c.C.[Tomcat-1].[localhost].[/] - Initializing Spring embedded WebApplicationContext
2026-02-03 17:08:36 [restartedMain] INFO  o.s.b.w.s.c.ServletWebServerApplicationContext - Root WebApplicationContext: initialization completed in 1093 ms
2026-02-03 17:08:37 [restartedMain] INFO  o.s.b.d.a.OptionalLiveReloadServer - LiveReload server is running on port 35729
2026-02-03 17:08:37 [restartedMain] INFO  o.s.b.a.e.web.EndpointLinksResolver - Exposing 4 endpoint(s) beneath base path '/actuator'
2026-02-03 17:08:37 [restartedMain] INFO  o.s.b.w.e.tomcat.TomcatWebServer - Tomcat started on port(s): 8080 (http) with context path ''
2026-02-03 17:08:37 [restartedMain] INFO  b.g.s.t.TermosEntregaApplication - Started TermosEntregaApplication in 1.918 seconds (JVM running for 1385.381)
2026-02-03 17:08:37 [restartedMain] INFO  o.s.b.d.a.ConditionEvaluationDeltaLoggingListener - Condition evaluation unchanged
2026-02-03 17:08:39 [File Watcher] INFO  o.s.b.d.a.LocalDevToolsAutoConfiguration$RestartingClassPathChangeChangedEventListener - Restarting due to 1 class path change (0 additions, 0 deletions, 1 modification)
2026-02-03 17:08:39 [Thread-66] INFO  o.a.catalina.core.StandardService - Stopping service [Tomcat]
2026-02-03 17:08:39 [restartedMain] INFO  b.g.s.t.TermosEntregaApplication - Starting TermosEntregaApplication using Java 21.0.9 on DESKTOP-217OC3U with PID 9408 (D:\projetos\TermoDoacao\termos-entrega\target\classes started by Ivan in D:\projetos\TermoDoacao\termos-entrega)
2026-02-03 17:08:39 [restartedMain] DEBUG b.g.s.t.TermosEntregaApplication - Running with Spring Boot v2.7.18, Spring v5.3.31
2026-02-03 17:08:39 [restartedMain] INFO  b.g.s.t.TermosEntregaApplication - No active profile set, falling back to 1 default profile: "default"
2026-02-03 17:08:40 [restartedMain] INFO  o.s.b.w.e.tomcat.TomcatWebServer - Tomcat initialized with port(s): 8080 (http)
2026-02-03 17:08:40 [restartedMain] INFO  o.a.catalina.core.StandardService - Starting service [Tomcat]
2026-02-03 17:08:40 [restartedMain] INFO  o.a.catalina.core.StandardEngine - Starting Servlet engine: [Apache Tomcat/9.0.83]
2026-02-03 17:08:40 [restartedMain] INFO  o.a.c.c.C.[Tomcat-1].[localhost].[/] - Initializing Spring embedded WebApplicationContext
2026-02-03 17:08:40 [restartedMain] INFO  o.s.b.w.s.c.ServletWebServerApplicationContext - Root WebApplicationContext: initialization completed in 827 ms
2026-02-03 17:08:41 [restartedMain] INFO  o.s.b.d.a.OptionalLiveReloadServer - LiveReload server is running on port 35729
2026-02-03 17:08:41 [restartedMain] INFO  o.s.b.a.e.web.EndpointLinksResolver - Exposing 4 endpoint(s) beneath base path '/actuator'
2026-02-03 17:08:41 [restartedMain] INFO  o.s.b.w.e.tomcat.TomcatWebServer - Tomcat started on port(s): 8080 (http) with context path ''
2026-02-03 17:08:41 [restartedMain] INFO  b.g.s.t.TermosEntregaApplication - Started TermosEntregaApplication in 1.608 seconds (JVM running for 1388.957)
2026-02-03 17:08:41 [restartedMain] INFO  o.s.b.d.a.ConditionEvaluationDeltaLoggingListener - Condition evaluation unchanged
2026-02-03 17:08:44 [File Watcher] INFO  o.s.b.d.a.LocalDevToolsAutoConfiguration$RestartingClassPathChangeChangedEventListener - Restarting due to 1 class path change (0 additions, 0 deletions, 1 modification)
2026-02-03 17:08:44 [Thread-70] INFO  o.a.catalina.core.StandardService - Stopping service [Tomcat]
2026-02-03 17:08:44 [restartedMain] INFO  b.g.s.t.TermosEntregaApplication - Starting TermosEntregaApplication using Java 21.0.9 on DESKTOP-217OC3U with PID 9408 (D:\projetos\TermoDoacao\termos-entrega\target\classes started by Ivan in D:\projetos\TermoDoacao\termos-entrega)
2026-02-03 17:08:44 [restartedMain] DEBUG b.g.s.t.TermosEntregaApplication - Running with Spring Boot v2.7.18, Spring v5.3.31
2026-02-03 17:08:44 [restartedMain] INFO  b.g.s.t.TermosEntregaApplication - No active profile set, falling back to 1 default profile: "default"
2026-02-03 17:08:45 [restartedMain] INFO  o.s.b.w.e.tomcat.TomcatWebServer - Tomcat initialized with port(s): 8080 (http)
2026-02-03 17:08:45 [restartedMain] INFO  o.a.catalina.core.StandardService - Starting service [Tomcat]
2026-02-03 17:08:45 [restartedMain] INFO  o.a.catalina.core.StandardEngine - Starting Servlet engine: [Apache Tomcat/9.0.83]
2026-02-03 17:08:45 [restartedMain] INFO  o.a.c.c.C.[Tomcat-1].[localhost].[/] - Initializing Spring embedded WebApplicationContext
2026-02-03 17:08:45 [restartedMain] INFO  o.s.b.w.s.c.ServletWebServerApplicationContext - Root WebApplicationContext: initialization completed in 811 ms
2026-02-03 17:08:46 [restartedMain] INFO  o.s.b.d.a.OptionalLiveReloadServer - LiveReload server is running on port 35729
2026-02-03 17:08:46 [restartedMain] INFO  o.s.b.a.e.web.EndpointLinksResolver - Exposing 4 endpoint(s) beneath base path '/actuator'
2026-02-03 17:08:46 [restartedMain] INFO  o.s.b.w.e.tomcat.TomcatWebServer - Tomcat started on port(s): 8080 (http) with context path ''
2026-02-03 17:08:46 [restartedMain] INFO  b.g.s.t.TermosEntregaApplication - Started TermosEntregaApplication in 1.361 seconds (JVM running for 1393.831)
2026-02-03 17:08:46 [restartedMain] INFO  o.s.b.d.a.ConditionEvaluationDeltaLoggingListener - Condition evaluation unchanged
2026-02-03 17:08:47 [File Watcher] INFO  o.s.b.d.a.LocalDevToolsAutoConfiguration$RestartingClassPathChangeChangedEventListener - Restarting due to 1 class path change (0 additions, 0 deletions, 1 modification)
2026-02-03 17:08:47 [Thread-74] INFO  o.a.catalina.core.StandardService - Stopping service [Tomcat]
2026-02-03 17:08:47 [restartedMain] INFO  b.g.s.t.TermosEntregaApplication - Starting TermosEntregaApplication using Java 21.0.9 on DESKTOP-217OC3U with PID 9408 (D:\projetos\TermoDoacao\termos-entrega\target\classes started by Ivan in D:\projetos\TermoDoacao\termos-entrega)
2026-02-03 17:08:47 [restartedMain] DEBUG b.g.s.t.TermosEntregaApplication - Running with Spring Boot v2.7.18, Spring v5.3.31
2026-02-03 17:08:47 [restartedMain] INFO  b.g.s.t.TermosEntregaApplication - No active profile set, falling back to 1 default profile: "default"
2026-02-03 17:08:48 [restartedMain] INFO  o.s.b.w.e.tomcat.TomcatWebServer - Tomcat initialized with port(s): 8080 (http)
2026-02-03 17:08:48 [restartedMain] INFO  o.a.catalina.core.StandardService - Starting service [Tomcat]
2026-02-03 17:08:48 [restartedMain] INFO  o.a.catalina.core.StandardEngine - Starting Servlet engine: [Apache Tomcat/9.0.83]
2026-02-03 17:08:48 [restartedMain] INFO  o.a.c.c.C.[Tomcat-1].[localhost].[/] - Initializing Spring embedded WebApplicationContext
2026-02-03 17:08:48 [restartedMain] INFO  o.s.b.w.s.c.ServletWebServerApplicationContext - Root WebApplicationContext: initialization completed in 1062 ms
2026-02-03 17:08:49 [restartedMain] INFO  o.s.b.d.a.OptionalLiveReloadServer - LiveReload server is running on port 35729
2026-02-03 17:08:49 [restartedMain] INFO  o.s.b.a.e.web.EndpointLinksResolver - Exposing 4 endpoint(s) beneath base path '/actuator'
2026-02-03 17:08:49 [restartedMain] INFO  o.s.b.w.e.tomcat.TomcatWebServer - Tomcat started on port(s): 8080 (http) with context path ''
2026-02-03 17:08:49 [restartedMain] INFO  b.g.s.t.TermosEntregaApplication - Started TermosEntregaApplication in 1.745 seconds (JVM running for 1397.189)
2026-02-03 17:08:49 [restartedMain] INFO  o.s.b.d.a.ConditionEvaluationDeltaLoggingListener - Condition evaluation unchanged
2026-02-03 17:08:50 [File Watcher] INFO  o.s.b.d.a.LocalDevToolsAutoConfiguration$RestartingClassPathChangeChangedEventListener - Restarting due to 1 class path change (0 additions, 0 deletions, 1 modification)
2026-02-03 17:08:50 [Thread-78] INFO  o.a.catalina.core.StandardService - Stopping service [Tomcat]
2026-02-03 17:08:50 [restartedMain] INFO  b.g.s.t.TermosEntregaApplication - Starting TermosEntregaApplication using Java 21.0.9 on DESKTOP-217OC3U with PID 9408 (D:\projetos\TermoDoacao\termos-entrega\target\classes started by Ivan in D:\projetos\TermoDoacao\termos-entrega)
2026-02-03 17:08:50 [restartedMain] DEBUG b.g.s.t.TermosEntregaApplication - Running with Spring Boot v2.7.18, Spring v5.3.31
2026-02-03 17:08:50 [restartedMain] INFO  b.g.s.t.TermosEntregaApplication - No active profile set, falling back to 1 default profile: "default"
2026-02-03 17:08:51 [restartedMain] INFO  o.s.b.w.e.tomcat.TomcatWebServer - Tomcat initialized with port(s): 8080 (http)
2026-02-03 17:08:51 [restartedMain] INFO  o.a.catalina.core.StandardService - Starting service [Tomcat]
2026-02-03 17:08:51 [restartedMain] INFO  o.a.catalina.core.StandardEngine - Starting Servlet engine: [Apache Tomcat/9.0.83]
2026-02-03 17:08:51 [restartedMain] INFO  o.a.c.c.C.[Tomcat-1].[localhost].[/] - Initializing Spring embedded WebApplicationContext
2026-02-03 17:08:51 [restartedMain] INFO  o.s.b.w.s.c.ServletWebServerApplicationContext - Root WebApplicationContext: initialization completed in 556 ms
2026-02-03 17:08:51 [restartedMain] INFO  o.s.b.d.a.OptionalLiveReloadServer - LiveReload server is running on port 35729
2026-02-03 17:08:51 [restartedMain] INFO  o.s.b.a.e.web.EndpointLinksResolver - Exposing 4 endpoint(s) beneath base path '/actuator'
2026-02-03 17:08:51 [restartedMain] INFO  o.s.b.w.e.tomcat.TomcatWebServer - Tomcat started on port(s): 8080 (http) with context path ''
2026-02-03 17:08:51 [restartedMain] INFO  b.g.s.t.TermosEntregaApplication - Started TermosEntregaApplication in 1.119 seconds (JVM running for 1399.752)
2026-02-03 17:08:51 [restartedMain] INFO  o.s.b.d.a.ConditionEvaluationDeltaLoggingListener - Condition evaluation unchanged
2026-02-03 17:09:09 [File Watcher] INFO  o.s.b.d.a.LocalDevToolsAutoConfiguration$RestartingClassPathChangeChangedEventListener - Restarting due to 1 class path change (0 additions, 0 deletions, 1 modification)
2026-02-03 17:09:10 [Thread-82] INFO  o.a.catalina.core.StandardService - Stopping service [Tomcat]
2026-02-03 17:09:11 [restartedMain] INFO  b.g.s.t.TermosEntregaApplication - Starting TermosEntregaApplication using Java 21.0.9 on DESKTOP-217OC3U with PID 9408 (D:\projetos\TermoDoacao\termos-entrega\target\classes started by Ivan in D:\projetos\TermoDoacao\termos-entrega)
2026-02-03 17:09:11 [restartedMain] DEBUG b.g.s.t.TermosEntregaApplication - Running with Spring Boot v2.7.18, Spring v5.3.31
2026-02-03 17:09:11 [restartedMain] INFO  b.g.s.t.TermosEntregaApplication - No active profile set, falling back to 1 default profile: "default"
2026-02-03 17:09:12 [restartedMain] INFO  o.s.b.w.e.tomcat.TomcatWebServer - Tomcat initialized with port(s): 8080 (http)
2026-02-03 17:09:12 [restartedMain] INFO  o.a.catalina.core.StandardService - Starting service [Tomcat]
2026-02-03 17:09:12 [restartedMain] INFO  o.a.catalina.core.StandardEngine - Starting Servlet engine: [Apache Tomcat/9.0.83]
2026-02-03 17:09:12 [restartedMain] INFO  o.a.c.c.C.[Tomcat-1].[localhost].[/] - Initializing Spring embedded WebApplicationContext
2026-02-03 17:09:12 [restartedMain] INFO  o.s.b.w.s.c.ServletWebServerApplicationContext - Root WebApplicationContext: initialization completed in 1145 ms
2026-02-03 17:09:13 [restartedMain] INFO  o.s.b.d.a.OptionalLiveReloadServer - LiveReload server is running on port 35729
2026-02-03 17:09:13 [restartedMain] INFO  o.s.b.a.e.web.EndpointLinksResolver - Exposing 4 endpoint(s) beneath base path '/actuator'
2026-02-03 17:09:13 [restartedMain] INFO  o.s.b.w.e.tomcat.TomcatWebServer - Tomcat started on port(s): 8080 (http) with context path ''
2026-02-03 17:09:13 [restartedMain] INFO  b.g.s.t.TermosEntregaApplication - Started TermosEntregaApplication in 3.296 seconds (JVM running for 1421.455)
2026-02-03 17:09:13 [restartedMain] INFO  o.s.b.d.a.ConditionEvaluationDeltaLoggingListener - Condition evaluation unchanged
2026-02-03 17:09:20 [File Watcher] INFO  o.s.b.d.a.LocalDevToolsAutoConfiguration$RestartingClassPathChangeChangedEventListener - Restarting due to 1 class path change (0 additions, 0 deletions, 1 modification)
2026-02-03 17:09:20 [Thread-86] INFO  o.a.catalina.core.StandardService - Stopping service [Tomcat]
2026-02-03 17:09:20 [restartedMain] INFO  b.g.s.t.TermosEntregaApplication - Starting TermosEntregaApplication using Java 21.0.9 on DESKTOP-217OC3U with PID 9408 (D:\projetos\TermoDoacao\termos-entrega\target\classes started by Ivan in D:\projetos\TermoDoacao\termos-entrega)
2026-02-03 17:09:20 [restartedMain] DEBUG b.g.s.t.TermosEntregaApplication - Running with Spring Boot v2.7.18, Spring v5.3.31
2026-02-03 17:09:20 [restartedMain] INFO  b.g.s.t.TermosEntregaApplication - No active profile set, falling back to 1 default profile: "default"
2026-02-03 17:09:20 [restartedMain] INFO  o.s.b.w.e.tomcat.TomcatWebServer - Tomcat initialized with port(s): 8080 (http)
2026-02-03 17:09:20 [restartedMain] INFO  o.a.catalina.core.StandardService - Starting service [Tomcat]
2026-02-03 17:09:20 [restartedMain] INFO  o.a.catalina.core.StandardEngine - Starting Servlet engine: [Apache Tomcat/9.0.83]
2026-02-03 17:09:20 [restartedMain] INFO  o.a.c.c.C.[Tomcat-1].[localhost].[/] - Initializing Spring embedded WebApplicationContext
2026-02-03 17:09:20 [restartedMain] INFO  o.s.b.w.s.c.ServletWebServerApplicationContext - Root WebApplicationContext: initialization completed in 734 ms
2026-02-03 17:09:21 [restartedMain] INFO  o.s.b.d.a.OptionalLiveReloadServer - LiveReload server is running on port 35729
2026-02-03 17:09:21 [restartedMain] INFO  o.s.b.a.e.web.EndpointLinksResolver - Exposing 4 endpoint(s) beneath base path '/actuator'
2026-02-03 17:09:21 [restartedMain] INFO  o.s.b.w.e.tomcat.TomcatWebServer - Tomcat started on port(s): 8080 (http) with context path ''
2026-02-03 17:09:21 [restartedMain] INFO  b.g.s.t.TermosEntregaApplication - Started TermosEntregaApplication in 1.375 seconds (JVM running for 1429.277)
2026-02-03 17:09:21 [restartedMain] INFO  o.s.b.d.a.ConditionEvaluationDeltaLoggingListener - Condition evaluation unchanged
2026-02-03 17:09:24 [http-nio-8080-exec-4] INFO  o.a.c.c.C.[Tomcat-1].[localhost].[/] - Initializing Spring DispatcherServlet 'dispatcherServlet'
2026-02-03 17:09:24 [http-nio-8080-exec-4] INFO  o.s.web.servlet.DispatcherServlet - Initializing Servlet 'dispatcherServlet'
2026-02-03 17:09:24 [http-nio-8080-exec-4] INFO  o.s.web.servlet.DispatcherServlet - Completed initialization in 2 ms
2026-02-03 17:30:02 [http-nio-8080-exec-4] WARN  o.s.b.a.mail.MailHealthIndicator - Mail health check failed
javax.mail.AuthenticationFailedException: failed to connect, no password specified?
	at javax.mail.Service.connect(Service.java:376)
	at org.springframework.mail.javamail.JavaMailSenderImpl.connectTransport(JavaMailSenderImpl.java:518)
	at org.springframework.mail.javamail.JavaMailSenderImpl.testConnection(JavaMailSenderImpl.java:398)
	at org.springframework.boot.actuate.mail.MailHealthIndicator.doHealthCheck(MailHealthIndicator.java:52)
	at org.springframework.boot.actuate.health.AbstractHealthIndicator.health(AbstractHealthIndicator.java:82)
	at org.springframework.boot.actuate.health.HealthIndicator.getHealth(HealthIndicator.java:37)
	at org.springframework.boot.actuate.health.HealthEndpointWebExtension.getHealth(HealthEndpointWebExtension.java:104)
	at org.springframework.boot.actuate.health.HealthEndpointWebExtension.getHealth(HealthEndpointWebExtension.java:46)
	at org.springframework.boot.actuate.health.HealthEndpointSupport.getLoggedHealth(HealthEndpointSupport.java:172)
	at org.springframework.boot.actuate.health.HealthEndpointSupport.getContribution(HealthEndpointSupport.java:145)
	at org.springframework.boot.actuate.health.HealthEndpointSupport.getAggregateContribution(HealthEndpointSupport.java:156)
	at org.springframework.boot.actuate.health.HealthEndpointSupport.getContribution(HealthEndpointSupport.java:141)
	at org.springframework.boot.actuate.health.HealthEndpointSupport.getHealth(HealthEndpointSupport.java:110)
	at org.springframework.boot.actuate.health.HealthEndpointSupport.getHealth(HealthEndpointSupport.java:81)
	at org.springframework.boot.actuate.health.HealthEndpointWebExtension.health(HealthEndpointWebExtension.java:90)
	at org.springframework.boot.actuate.health.HealthEndpointWebExtension.health(HealthEndpointWebExtension.java:79)
	at java.base/jdk.internal.reflect.DirectMethodHandleAccessor.invoke(DirectMethodHandleAccessor.java:103)
	at java.base/java.lang.reflect.Method.invoke(Method.java:580)
	at org.springframework.util.ReflectionUtils.invokeMethod(ReflectionUtils.java:282)
	at org.springframework.boot.actuate.endpoint.invoke.reflect.ReflectiveOperationInvoker.invoke(ReflectiveOperationInvoker.java:74)
	at org.springframework.boot.actuate.endpoint.annotation.AbstractDiscoveredOperation.invoke(AbstractDiscoveredOperation.java:60)
	at org.springframework.boot.actuate.endpoint.web.servlet.AbstractWebMvcEndpointHandlerMapping$ServletWebOperationAdapter.handle(AbstractWebMvcEndpointHandlerMapping.java:357)
	at org.springframework.boot.actuate.endpoint.web.servlet.AbstractWebMvcEndpointHandlerMapping$OperationHandler.handle(AbstractWebMvcEndpointHandlerMapping.java:464)
	at java.base/jdk.internal.reflect.DirectMethodHandleAccessor.invoke(DirectMethodHandleAccessor.java:103)
	at java.base/java.lang.reflect.Method.invoke(Method.java:580)
	at org.springframework.web.method.support.InvocableHandlerMethod.doInvoke(InvocableHandlerMethod.java:205)
	at org.springframework.web.method.support.InvocableHandlerMethod.invokeForRequest(InvocableHandlerMethod.java:150)
	at org.springframework.web.servlet.mvc.method.annotation.ServletInvocableHandlerMethod.invokeAndHandle(ServletInvocableHandlerMethod.java:117)
	at org.springframework.web.servlet.mvc.method.annotation.RequestMappingHandlerAdapter.invokeHandlerMethod(RequestMappingHandlerAdapter.java:895)
	at org.springframework.web.servlet.mvc.method.annotation.RequestMappingHandlerAdapter.handleInternal(RequestMappingHandlerAdapter.java:808)
	at org.springframework.web.servlet.mvc.method.AbstractHandlerMethodAdapter.handle(AbstractHandlerMethodAdapter.java:87)
	at org.springframework.web.servlet.DispatcherServlet.doDispatch(DispatcherServlet.java:1072)
	at org.springframework.web.servlet.DispatcherServlet.doService(DispatcherServlet.java:965)
	at org.springframework.web.servlet.FrameworkServlet.processRequest(FrameworkServlet.java:1006)
	at org.springframework.web.servlet.FrameworkServlet.doGet(FrameworkServlet.java:898)
	at javax.servlet.http.HttpServlet.service(HttpServlet.java:529)
	at org.springframework.web.servlet.FrameworkServlet.service(FrameworkServlet.java:883)
	at javax.servlet.http.HttpServlet.service(HttpServlet.java:623)
	at org.apache.catalina.core.ApplicationFilterChain.internalDoFilter(ApplicationFilterChain.java:209)
	at org.apache.catalina.core.ApplicationFilterChain.doFilter(ApplicationFilterChain.java:153)
	at org.apache.tomcat.websocket.server.WsFilter.doFilter(WsFilter.java:51)
	at org.apache.catalina.core.ApplicationFilterChain.internalDoFilter(ApplicationFilterChain.java:178)
	at org.apache.catalina.core.ApplicationFilterChain.doFilter(ApplicationFilterChain.java:153)
	at org.springframework.web.filter.RequestContextFilter.doFilterInternal(RequestContextFilter.java:100)
	at org.springframework.web.filter.OncePerRequestFilter.doFilter(OncePerRequestFilter.java:117)
	at org.apache.catalina.core.ApplicationFilterChain.internalDoFilter(ApplicationFilterChain.java:178)
	at org.apache.catalina.core.ApplicationFilterChain.doFilter(ApplicationFilterChain.java:153)
	at org.springframework.web.filter.FormContentFilter.doFilterInternal(FormContentFilter.java:93)
	at org.springframework.web.filter.OncePerRequestFilter.doFilter(OncePerRequestFilter.java:117)
	at org.apache.catalina.core.ApplicationFilterChain.internalDoFilter(ApplicationFilterChain.java:178)
	at org.apache.catalina.core.ApplicationFilterChain.doFilter(ApplicationFilterChain.java:153)
	at org.springframework.boot.actuate.metrics.web.servlet.WebMvcMetricsFilter.doFilterInternal(WebMvcMetricsFilter.java:96)
	at org.springframework.web.filter.OncePerRequestFilter.doFilter(OncePerRequestFilter.java:117)
	at org.apache.catalina.core.ApplicationFilterChain.internalDoFilter(ApplicationFilterChain.java:178)
	at org.apache.catalina.core.ApplicationFilterChain.doFilter(ApplicationFilterChain.java:153)
	at org.springframework.web.filter.CharacterEncodingFilter.doFilterInternal(CharacterEncodingFilter.java:201)
	at org.springframework.web.filter.OncePerRequestFilter.doFilter(OncePerRequestFilter.java:117)
	at org.apache.catalina.core.ApplicationFilterChain.internalDoFilter(ApplicationFilterChain.java:178)
	at org.apache.catalina.core.ApplicationFilterChain.doFilter(ApplicationFilterChain.java:153)
	at org.apache.catalina.core.StandardWrapperValve.invoke(StandardWrapperValve.java:168)
	at org.apache.catalina.core.StandardContextValve.invoke(StandardContextValve.java:90)
	at org.apache.catalina.authenticator.AuthenticatorBase.invoke(AuthenticatorBase.java:481)
	at org.apache.catalina.core.StandardHostValve.invoke(StandardHostValve.java:130)
	at org.apache.catalina.valves.ErrorReportValve.invoke(ErrorReportValve.java:93)
	at org.apache.catalina.core.StandardEngineValve.invoke(StandardEngineValve.java:74)
	at org.apache.catalina.connector.CoyoteAdapter.service(CoyoteAdapter.java:342)
	at org.apache.coyote.http11.Http11Processor.service(Http11Processor.java:390)
	at org.apache.coyote.AbstractProcessorLight.process(AbstractProcessorLight.java:63)
	at org.apache.coyote.AbstractProtocol$ConnectionHandler.process(AbstractProtocol.java:928)
	at org.apache.tomcat.util.net.NioEndpoint$SocketProcessor.doRun(NioEndpoint.java:1794)
	at org.apache.tomcat.util.net.SocketProcessorBase.run(SocketProcessorBase.java:52)
	at org.apache.tomcat.util.threads.ThreadPoolExecutor.runWorker(ThreadPoolExecutor.java:1191)
	at org.apache.tomcat.util.threads.ThreadPoolExecutor$Worker.run(ThreadPoolExecutor.java:659)
	at org.apache.tomcat.util.threads.TaskThread$WrappingRunnable.run(TaskThread.java:61)
	at java.base/java.lang.Thread.run(Thread.java:1583)
